Drill report for dualvca_b1.kicad_pcb
Created on Fri Feb 10 21:55:45 2023

Copper Layer Stackup:
    =============================================================
    L1 :  F.Cu                      front
    L2 :  B.Cu                      back


Drill file 'dualvca_b1.drl' contains
    plated through holes:
    =============================================================
    T1  0.400mm  0.0157"  (3 holes)
    T2  0.700mm  0.0276"  (3 holes)
    T3  0.800mm  0.0315"  (150 holes)
    T4  1.000mm  0.0394"  (55 holes)  (with 40 slots)
    T5  1.016mm  0.0400"  (10 holes)
    T6  1.100mm  0.0433"  (4 holes)

    Total plated holes count 225


Not plated through holes are merged with plated holes
    unplated through holes:
    =============================================================

    Total unplated holes count 0
